<?xml version="1.0" encoding="UTF-8"?>
<!-- Generated by org.testng.reporters.JUnitXMLReporter -->
<testsuite ignored="0" hostname="fc34ba2b37665b9" failures="0" tests="3" name="Automation Test Report" time="8.032" errors="0" timestamp="28 Aug 2023 06:17:02 GMT">
  <testcase classname="com.testautomation.TestRunner.TestRunner" name="feature" time="3.867"/>
  <testcase classname="com.apiautomation.Tests.CaseStudyAPIAutomation" name="CaseStudyAPIAutomationNegativeScenario" time="3.102"/>
  <testcase classname="com.apiautomation.Tests.CaseStudyAPIAutomation" name="CaseStudyAPIAutomationPositiveScenario" time="0.699"/>
</testsuite> <!-- Automation Test Report -->
