<?xml version="1.0" encoding="UTF-8"?>
<testng-results ignored="0" total="3" passed="3" failed="0" skipped="0">
  <reporter-output>
  </reporter-output>
  <suite started-at="2023-08-28T06:16:54Z" name="Automation Test Report" finished-at="2023-08-28T06:17:02Z" duration-ms="8032">
    <groups>
    </groups>
    <test started-at="2023-08-28T06:16:54Z" name="Automation Test Report" finished-at="2023-08-28T06:17:02Z" duration-ms="8032">
      <class name="com.testautomation.TestRunner.TestRunner">
        <test-method is-config="true" signature="beforeSuite()[pri:0, instance:com.testautomation.TestRunner.TestRunner@483f6d77]" started-at="2023-08-28T06:16:45Z" name="beforeSuite" finished-at="2023-08-28T06:16:54Z" duration-ms="8255" status="PASS">
          <reporter-output>
          </reporter-output>
        </test-method> <!-- beforeSuite -->
        <test-method is-config="true" signature="setUpClass()[pri:0, instance:com.testautomation.TestRunner.TestRunner@483f6d77]" started-at="2023-08-28T06:16:54Z" name="setUpClass" finished-at="2023-08-28T06:16:54Z" duration-ms="118" status="PASS">
          <reporter-output>
          </reporter-output>
        </test-method> <!-- setUpClass -->
        <test-method signature="feature(cucumber.api.testng.PickleEventWrapper, cucumber.api.testng.CucumberFeatureWrapper)[pri:0, instance:com.testautomation.TestRunner.TestRunner@483f6d77]" started-at="2023-08-28T06:16:54Z" name="feature" data-provider="features" finished-at="2023-08-28T06:16:58Z" duration-ms="3867" status="PASS">
          <params>
            <param index="0">
              <value>
                <![CDATA["Add Items to cart in saucedemo website"]]>
              </value>
            </param>
            <param index="1">
              <value>
                <![CDATA["Sauce Demo End To End Testing"]]>
              </value>
            </param>
          </params>
          <reporter-output>
          </reporter-output>
        </test-method> <!-- feature -->
        <test-method is-config="true" signature="tearDownClass()[pri:0, instance:com.testautomation.TestRunner.TestRunner@483f6d77]" started-at="2023-08-28T06:16:58Z" name="tearDownClass" finished-at="2023-08-28T06:16:58Z" duration-ms="5" status="PASS">
          <reporter-output>
          </reporter-output>
        </test-method> <!-- tearDownClass -->
        <test-method is-config="true" signature="afterSuite()[pri:0, instance:com.testautomation.TestRunner.TestRunner@483f6d77]" started-at="2023-08-28T06:17:02Z" name="afterSuite" finished-at="2023-08-28T06:17:03Z" duration-ms="798" status="PASS">
          <reporter-output>
          </reporter-output>
        </test-method> <!-- afterSuite -->
      </class> <!-- com.testautomation.TestRunner.TestRunner -->
      <class name="com.apiautomation.Tests.CaseStudyAPIAutomation">
        <test-method signature="CaseStudyAPIAutomationNegativeScenario()[pri:0, instance:com.apiautomation.Tests.CaseStudyAPIAutomation@7e5afaa6]" started-at="2023-08-28T06:16:58Z" name="CaseStudyAPIAutomationNegativeScenario" finished-at="2023-08-28T06:17:01Z" duration-ms="3102" status="PASS">
          <reporter-output>
          </reporter-output>
        </test-method> <!-- CaseStudyAPIAutomationNegativeScenario -->
        <test-method signature="CaseStudyAPIAutomationPositiveScenario()[pri:0, instance:com.apiautomation.Tests.CaseStudyAPIAutomation@7e5afaa6]" started-at="2023-08-28T06:17:01Z" name="CaseStudyAPIAutomationPositiveScenario" finished-at="2023-08-28T06:17:02Z" duration-ms="699" status="PASS">
          <reporter-output>
          </reporter-output>
        </test-method> <!-- CaseStudyAPIAutomationPositiveScenario -->
      </class> <!-- com.apiautomation.Tests.CaseStudyAPIAutomation -->
    </test> <!-- Automation Test Report -->
  </suite> <!-- Automation Test Report -->
</testng-results>
